Performing C++ SOURCE FILE Test CMAKE_HAVE_LIBC_PTHREAD failed with the following output:
Change Dir: /home/vlada/AndroidStudioProjects/rpo2024_GorianskayaV/libs/spdlog/build/x86/CMakeFiles/CMakeTmp

Run Build Command(s):/usr/bin/gmake -f Makefile cmTC_583d6/fast && /usr/bin/gmake  -f CMakeFiles/cmTC_583d6.dir/build.make CMakeFiles/cmTC_583d6.dir/build
gmake[1]: Entering directory '/home/vlada/AndroidStudioProjects/rpo2024_GorianskayaV/libs/spdlog/build/x86/CMakeFiles/CMakeTmp'
Building CXX object CMakeFiles/cmTC_583d6.dir/src.cxx.o
/home/vlada/Android/Sdk/ndk/26.1.10909125/toolchains/llvm/prebuilt/linux-x86_64/bin/clang++ --target=i686-none-linux-android21 --sysroot=/home/vlada/Android/Sdk/ndk/26.1.10909125/toolchains/llvm/prebuilt/linux-x86_64/sysroot -DCMAKE_HAVE_LIBC_PTHREAD  -g -DANDROID -fdata-sections -ffunction-sections -funwind-tables -fstack-protector-strong -no-canonical-prefixes -mstackrealign -D_FORTIFY_SOURCE=2 -Wformat -Werror=format-security  -DSPDLOG_COMPILED_LIB  -fPIE -std=c++11 -MD -MT CMakeFiles/cmTC_583d6.dir/src.cxx.o -MF CMakeFiles/cmTC_583d6.dir/src.cxx.o.d -o CMakeFiles/cmTC_583d6.dir/src.cxx.o -c /home/vlada/AndroidStudioProjects/rpo2024_GorianskayaV/libs/spdlog/build/x86/CMakeFiles/CMakeTmp/src.cxx
/home/vlada/AndroidStudioProjects/rpo2024_GorianskayaV/libs/spdlog/build/x86/CMakeFiles/CMakeTmp/src.cxx:13:3: error: use of undeclared identifier 'pthread_cancel'
  pthread_cancel(thread);
  ^
1 error generated.
gmake[1]: *** [CMakeFiles/cmTC_583d6.dir/build.make:79: CMakeFiles/cmTC_583d6.dir/src.cxx.o] Error 1
gmake[1]: Leaving directory '/home/vlada/AndroidStudioProjects/rpo2024_GorianskayaV/libs/spdlog/build/x86/CMakeFiles/CMakeTmp'
gmake: *** [Makefile:127: cmTC_583d6/fast] Error 2


Source file was:
#include <pthread.h>

static void* test_func(void* data)
{
  return data;
}

int main(void)
{
  pthread_t thread;
  pthread_create(&thread, NULL, test_func, NULL);
  pthread_detach(thread);
  pthread_cancel(thread);
  pthread_join(thread, NULL);
  pthread_atfork(NULL, NULL, NULL);
  pthread_exit(NULL);

  return 0;
}

Determining if the function pthread_create exists in the pthreads failed with the following output:
Change Dir: /home/vlada/AndroidStudioProjects/rpo2024_GorianskayaV/libs/spdlog/build/x86/CMakeFiles/CMakeTmp

Run Build Command(s):/usr/bin/gmake -f Makefile cmTC_c8b23/fast && /usr/bin/gmake  -f CMakeFiles/cmTC_c8b23.dir/build.make CMakeFiles/cmTC_c8b23.dir/build
gmake[1]: Entering directory '/home/vlada/AndroidStudioProjects/rpo2024_GorianskayaV/libs/spdlog/build/x86/CMakeFiles/CMakeTmp'
Building CXX object CMakeFiles/cmTC_c8b23.dir/CheckFunctionExists.cxx.o
/home/vlada/Android/Sdk/ndk/26.1.10909125/toolchains/llvm/prebuilt/linux-x86_64/bin/clang++ --target=i686-none-linux-android21 --sysroot=/home/vlada/Android/Sdk/ndk/26.1.10909125/toolchains/llvm/prebuilt/linux-x86_64/sysroot   -g -DANDROID -fdata-sections -ffunction-sections -funwind-tables -fstack-protector-strong -no-canonical-prefixes -mstackrealign -D_FORTIFY_SOURCE=2 -Wformat -Werror=format-security  -DSPDLOG_COMPILED_LIB -DCHECK_FUNCTION_EXISTS=pthread_create -fPIE -std=c++11 -MD -MT CMakeFiles/cmTC_c8b23.dir/CheckFunctionExists.cxx.o -MF CMakeFiles/cmTC_c8b23.dir/CheckFunctionExists.cxx.o.d -o CMakeFiles/cmTC_c8b23.dir/CheckFunctionExists.cxx.o -c /home/vlada/AndroidStudioProjects/rpo2024_GorianskayaV/libs/spdlog/build/x86/CMakeFiles/CheckLibraryExists/CheckFunctionExists.cxx
Linking CXX executable cmTC_c8b23
/home/vlada/Android/Sdk/cmake/3.22.1/bin/cmake -E cmake_link_script CMakeFiles/cmTC_c8b23.dir/link.txt --verbose=1
/home/vlada/Android/Sdk/ndk/26.1.10909125/toolchains/llvm/prebuilt/linux-x86_64/bin/clang++ --target=i686-none-linux-android21 --sysroot=/home/vlada/Android/Sdk/ndk/26.1.10909125/toolchains/llvm/prebuilt/linux-x86_64/sysroot -g -DANDROID -fdata-sections -ffunction-sections -funwind-tables -fstack-protector-strong -no-canonical-prefixes -mstackrealign -D_FORTIFY_SOURCE=2 -Wformat -Werror=format-security  -DSPDLOG_COMPILED_LIB -DCHECK_FUNCTION_EXISTS=pthread_create -static-libstdc++ -Wl,--build-id=sha1 -Wl,--no-rosegment -Wl,--no-undefined-version -Wl,--fatal-warnings -Wl,--no-undefined -Qunused-arguments    CMakeFiles/cmTC_c8b23.dir/CheckFunctionExists.cxx.o -o cmTC_c8b23  -lpthreads -latomic -lm 
ld.lld: error: unable to find library -lpthreads
clang++: error: linker command failed with exit code 1 (use -v to see invocation)
gmake[1]: *** [CMakeFiles/cmTC_c8b23.dir/build.make:100: cmTC_c8b23] Error 1
gmake[1]: Leaving directory '/home/vlada/AndroidStudioProjects/rpo2024_GorianskayaV/libs/spdlog/build/x86/CMakeFiles/CMakeTmp'
gmake: *** [Makefile:127: cmTC_c8b23/fast] Error 2



Determining if the function pthread_create exists in the pthread failed with the following output:
Change Dir: /home/vlada/AndroidStudioProjects/rpo2024_GorianskayaV/libs/spdlog/build/x86/CMakeFiles/CMakeTmp

Run Build Command(s):/usr/bin/gmake -f Makefile cmTC_2811a/fast && /usr/bin/gmake  -f CMakeFiles/cmTC_2811a.dir/build.make CMakeFiles/cmTC_2811a.dir/build
gmake[1]: Entering directory '/home/vlada/AndroidStudioProjects/rpo2024_GorianskayaV/libs/spdlog/build/x86/CMakeFiles/CMakeTmp'
Building CXX object CMakeFiles/cmTC_2811a.dir/CheckFunctionExists.cxx.o
/home/vlada/Android/Sdk/ndk/26.1.10909125/toolchains/llvm/prebuilt/linux-x86_64/bin/clang++ --target=i686-none-linux-android21 --sysroot=/home/vlada/Android/Sdk/ndk/26.1.10909125/toolchains/llvm/prebuilt/linux-x86_64/sysroot   -g -DANDROID -fdata-sections -ffunction-sections -funwind-tables -fstack-protector-strong -no-canonical-prefixes -mstackrealign -D_FORTIFY_SOURCE=2 -Wformat -Werror=format-security  -DSPDLOG_COMPILED_LIB -DCHECK_FUNCTION_EXISTS=pthread_create -fPIE -std=c++11 -MD -MT CMakeFiles/cmTC_2811a.dir/CheckFunctionExists.cxx.o -MF CMakeFiles/cmTC_2811a.dir/CheckFunctionExists.cxx.o.d -o CMakeFiles/cmTC_2811a.dir/CheckFunctionExists.cxx.o -c /home/vlada/AndroidStudioProjects/rpo2024_GorianskayaV/libs/spdlog/build/x86/CMakeFiles/CheckLibraryExists/CheckFunctionExists.cxx
Linking CXX executable cmTC_2811a
/home/vlada/Android/Sdk/cmake/3.22.1/bin/cmake -E cmake_link_script CMakeFiles/cmTC_2811a.dir/link.txt --verbose=1
/home/vlada/Android/Sdk/ndk/26.1.10909125/toolchains/llvm/prebuilt/linux-x86_64/bin/clang++ --target=i686-none-linux-android21 --sysroot=/home/vlada/Android/Sdk/ndk/26.1.10909125/toolchains/llvm/prebuilt/linux-x86_64/sysroot -g -DANDROID -fdata-sections -ffunction-sections -funwind-tables -fstack-protector-strong -no-canonical-prefixes -mstackrealign -D_FORTIFY_SOURCE=2 -Wformat -Werror=format-security  -DSPDLOG_COMPILED_LIB -DCHECK_FUNCTION_EXISTS=pthread_create -static-libstdc++ -Wl,--build-id=sha1 -Wl,--no-rosegment -Wl,--no-undefined-version -Wl,--fatal-warnings -Wl,--no-undefined -Qunused-arguments    CMakeFiles/cmTC_2811a.dir/CheckFunctionExists.cxx.o -o cmTC_2811a  -lpthread -latomic -lm 
ld.lld: error: unable to find library -lpthread
clang++: error: linker command failed with exit code 1 (use -v to see invocation)
gmake[1]: *** [CMakeFiles/cmTC_2811a.dir/build.make:100: cmTC_2811a] Error 1
gmake[1]: Leaving directory '/home/vlada/AndroidStudioProjects/rpo2024_GorianskayaV/libs/spdlog/build/x86/CMakeFiles/CMakeTmp'
gmake: *** [Makefile:127: cmTC_2811a/fast] Error 2



